2024-03-18 15:29:14.217  INFO 12300 --- [main] com.bigModel.backend.BackendApplication  : Starting BackendApplication using Java 1.8.0_221 on Daniel with PID 12300 (C:\Users\Administrator\Desktop\bigmodel\backend\target\classes started by Administrator in C:\Users\Administrator\Desktop\bigmodel\backend)
2024-03-18 15:29:14.218  INFO 12300 --- [main] com.bigModel.backend.BackendApplication  : No active profile set, falling back to 1 default profile: "default"
2024-03-18 15:29:15.088  INFO 12300 --- [main] o.s.b.w.embedded.tomcat.TomcatWebServer  : Tomcat initialized with port(s): 8181 (http)
2024-03-18 15:29:15.094  INFO 12300 --- [main] o.a.coyote.http11.Http11NioProtocol      : Initializing ProtocolHandler ["http-nio-0.0.0.0-8181"]
2024-03-18 15:29:15.094  INFO 12300 --- [main] o.apache.catalina.core.StandardService   : Starting service [Tomcat]
2024-03-18 15:29:15.094  INFO 12300 --- [main] org.apache.catalina.core.StandardEngine  : Starting Servlet engine: [Apache Tomcat/9.0.71]
2024-03-18 15:29:15.185  INFO 12300 --- [main] o.a.c.c.C.[Tomcat].[localhost].[/]       : Initializing Spring embedded WebApplicationContext
2024-03-18 15:29:15.185  INFO 12300 --- [main] w.s.c.ServletWebServerApplicationContext : Root WebApplicationContext: initialization completed in 938 ms
2024-03-18 15:29:15.709  WARN 12300 --- [main] c.b.m.core.metadata.TableInfoHelper      : Can not find table primary key in Class: "com.bigModel.backend.pojo.ActiveAccount".
2024-03-18 15:29:15.709  WARN 12300 --- [main] c.b.m.core.injector.DefaultSqlInjector   : class com.bigModel.backend.pojo.ActiveAccount ,Not found @TableId annotation, Cannot use Mybatis-Plus 'xxById' Method.
2024-03-18 15:29:15.899  INFO 12300 --- [main] o.s.s.web.DefaultSecurityFilterChain     : Will secure any request with [org.springframework.security.web.session.DisableEncodeUrlFilter@227a47, org.springframework.security.web.context.request.async.WebAsyncManagerIntegrationFilter@9596ce8, org.springframework.security.web.context.SecurityContextPersistenceFilter@7e7f0216, org.springframework.security.web.header.HeaderWriterFilter@73c9e8e8, org.springframework.security.web.authentication.logout.LogoutFilter@761e788f, com.bigModel.backend.config.filter.JwtAuthenticationTokenFilter@162b3d47, org.springframework.security.web.savedrequest.RequestCacheAwareFilter@62db3891, org.springframework.security.web.servletapi.SecurityContextHolderAwareRequestFilter@1a4d1ab7, org.springframework.security.web.authentication.AnonymousAuthenticationFilter@75ae4a1f, org.springframework.security.web.session.SessionManagementFilter@6f49d153, org.springframework.security.web.access.ExceptionTranslationFilter@78e22d35, org.springframework.security.web.access.intercept.FilterSecurityInterceptor@26dc9bd5]
2024-03-18 15:29:16.134  INFO 12300 --- [main] o.a.coyote.http11.Http11NioProtocol      : Starting ProtocolHandler ["http-nio-0.0.0.0-8181"]
2024-03-18 15:29:16.143  INFO 12300 --- [main] o.s.b.w.embedded.tomcat.TomcatWebServer  : Tomcat started on port(s): 8181 (http) with context path ''
2024-03-18 15:29:16.152  INFO 12300 --- [main] com.bigModel.backend.BackendApplication  : Started BackendApplication in 2.227 seconds (JVM running for 3.043)
2024-03-18 15:29:16.153  INFO 12300 --- [scheduling-1] com.zaxxer.hikari.HikariDataSource       : HikariPool-1 - Starting...
2024-03-18 15:29:18.844  INFO 12300 --- [scheduling-1] com.zaxxer.hikari.HikariDataSource       : HikariPool-1 - Start completed.
2024-03-18 15:29:29.704 ERROR 12300 --- [scheduling-1] o.s.s.s.TaskUtils$LoggingErrorHandler    : Unexpected error occurred in scheduled task

java.net.SocketTimeoutException: connect timed out
	at java.net.DualStackPlainSocketImpl.waitForConnect(Native Method)
	at java.net.DualStackPlainSocketImpl.socketConnect(DualStackPlainSocketImpl.java:85)
	at java.net.AbstractPlainSocketImpl.doConnect(AbstractPlainSocketImpl.java:350)
	at java.net.AbstractPlainSocketImpl.connectToAddress(AbstractPlainSocketImpl.java:206)
	at java.net.AbstractPlainSocketImpl.connect(AbstractPlainSocketImpl.java:188)
	at java.net.PlainSocketImpl.connect(PlainSocketImpl.java:172)
	at java.net.SocksSocketImpl.connect(SocksSocketImpl.java:392)
	at java.net.Socket.connect(Socket.java:589)
	at okhttp3.internal.platform.Platform.connectSocket(Platform.java:124)
	at okhttp3.internal.connection.RealConnection.connectSocket(RealConnection.java:223)
	at okhttp3.internal.connection.RealConnection.connect(RealConnection.java:149)
	at okhttp3.internal.connection.StreamAllocation.findConnection(StreamAllocation.java:195)
	at okhttp3.internal.connection.StreamAllocation.findHealthyConnection(StreamAllocation.java:121)
	at okhttp3.internal.connection.StreamAllocation.newStream(StreamAllocation.java:100)
	at okhttp3.internal.connection.ConnectInterceptor.intercept(ConnectInterceptor.java:42)
	at okhttp3.internal.http.RealInterceptorChain.proceed(RealInterceptorChain.java:92)
	at okhttp3.internal.http.RealInterceptorChain.proceed(RealInterceptorChain.java:67)
	at okhttp3.internal.cache.CacheInterceptor.intercept(CacheInterceptor.java:93)
	at okhttp3.internal.http.RealInterceptorChain.proceed(RealInterceptorChain.java:92)
	at okhttp3.internal.http.RealInterceptorChain.proceed(RealInterceptorChain.java:67)
	at okhttp3.internal.http.BridgeInterceptor.intercept(BridgeInterceptor.java:93)
	at okhttp3.internal.http.RealInterceptorChain.proceed(RealInterceptorChain.java:92)
	at okhttp3.internal.http.RetryAndFollowUpInterceptor.intercept(RetryAndFollowUpInterceptor.java:120)
	at okhttp3.internal.http.RealInterceptorChain.proceed(RealInterceptorChain.java:92)
	at okhttp3.internal.http.RealInterceptorChain.proceed(RealInterceptorChain.java:67)
	at okhttp3.RealCall.getResponseWithInterceptorChain(RealCall.java:185)
	at okhttp3.RealCall.execute(RealCall.java:69)
	at com.bigModel.backend.task.OrderTask.TwitterHello(OrderTask.java:62)
	at com.bigModel.backend.task.OrderTask$$FastClassBySpringCGLIB$$ff79905c.invoke(<generated>)
	at org.springframework.cglib.proxy.MethodProxy.invoke(MethodProxy.java:218)
	at org.springframework.aop.framework.CglibAopProxy$CglibMethodInvocation.invokeJoinpoint(CglibAopProxy.java:793)
	at org.springframework.aop.framework.ReflectiveMethodInvocation.proceed(ReflectiveMethodInvocation.java:163)
	at org.springframework.aop.framework.CglibAopProxy$CglibMethodInvocation.proceed(CglibAopProxy.java:763)
	at org.springframework.transaction.interceptor.TransactionInterceptor$1.proceedWithInvocation(TransactionInterceptor.java:123)
	at org.springframework.transaction.interceptor.TransactionAspectSupport.invokeWithinTransaction(TransactionAspectSupport.java:388)
	at org.springframework.transaction.interceptor.TransactionInterceptor.invoke(TransactionInterceptor.java:119)
	at org.springframework.aop.framework.ReflectiveMethodInvocation.proceed(ReflectiveMethodInvocation.java:186)
	at org.springframework.aop.framework.CglibAopProxy$CglibMethodInvocation.proceed(CglibAopProxy.java:763)
	at org.springframework.aop.framework.CglibAopProxy$DynamicAdvisedInterceptor.intercept(CglibAopProxy.java:708)
	at com.bigModel.backend.task.OrderTask$$EnhancerBySpringCGLIB$$3ab6a204.TwitterHello(<generated>)
	at sun.reflect.NativeMethodAccessorImpl.invoke0(Native Method)
	at sun.reflect.NativeMethodAccessorImpl.invoke(NativeMethodAccessorImpl.java:62)
	at sun.reflect.DelegatingMethodAccessorImpl.invoke(DelegatingMethodAccessorImpl.java:43)
	at java.lang.reflect.Method.invoke(Method.java:498)
	at org.springframework.scheduling.support.ScheduledMethodRunnable.run(ScheduledMethodRunnable.java:84)
	at org.springframework.scheduling.support.DelegatingErrorHandlingRunnable.run(DelegatingErrorHandlingRunnable.java:54)
	at java.util.concurrent.Executors$RunnableAdapter.call(Executors.java:511)
	at java.util.concurrent.FutureTask.runAndReset(FutureTask.java:308)
	at java.util.concurrent.ScheduledThreadPoolExecutor$ScheduledFutureTask.access$301(ScheduledThreadPoolExecutor.java:180)
	at java.util.concurrent.ScheduledThreadPoolExecutor$ScheduledFutureTask.run(ScheduledThreadPoolExecutor.java:294)
	at java.util.concurrent.ThreadPoolExecutor.runWorker(ThreadPoolExecutor.java:1149)
	at java.util.concurrent.ThreadPoolExecutor$Worker.run(ThreadPoolExecutor.java:624)
	at java.lang.Thread.run(Thread.java:748)

2024-03-18 15:29:32.476  INFO 12300 --- [SpringApplicationShutdownHook] com.zaxxer.hikari.HikariDataSource       : HikariPool-1 - Shutdown initiated...
2024-03-18 15:29:32.491  INFO 12300 --- [SpringApplicationShutdownHook] com.zaxxer.hikari.HikariDataSource       : HikariPool-1 - Shutdown completed.
