2024-03-19 10:16:20.144  INFO 12804 --- [main] com.bigModel.backend.BackendApplication  : Starting BackendApplication using Java 1.8.0_221 on Daniel with PID 12804 (C:\Users\Administrator\Desktop\bigmodel\backend\target\classes started by Administrator in C:\Users\Administrator\Desktop\bigmodel\backend)
2024-03-19 10:16:20.146  INFO 12804 --- [main] com.bigModel.backend.BackendApplication  : No active profile set, falling back to 1 default profile: "default"
2024-03-19 10:16:21.119  INFO 12804 --- [main] o.s.b.w.embedded.tomcat.TomcatWebServer  : Tomcat initialized with port(s): 8181 (http)
2024-03-19 10:16:21.125  INFO 12804 --- [main] o.a.coyote.http11.Http11NioProtocol      : Initializing ProtocolHandler ["http-nio-0.0.0.0-8181"]
2024-03-19 10:16:21.126  INFO 12804 --- [main] o.apache.catalina.core.StandardService   : Starting service [Tomcat]
2024-03-19 10:16:21.126  INFO 12804 --- [main] org.apache.catalina.core.StandardEngine  : Starting Servlet engine: [Apache Tomcat/9.0.71]
2024-03-19 10:16:21.220  INFO 12804 --- [main] o.a.c.c.C.[Tomcat].[localhost].[/]       : Initializing Spring embedded WebApplicationContext
2024-03-19 10:16:21.220  INFO 12804 --- [main] w.s.c.ServletWebServerApplicationContext : Root WebApplicationContext: initialization completed in 1027 ms
2024-03-19 10:16:21.736  WARN 12804 --- [main] c.b.m.core.metadata.TableInfoHelper      : Can not find table primary key in Class: "com.bigModel.backend.pojo.ActiveAccount".
2024-03-19 10:16:21.736  WARN 12804 --- [main] c.b.m.core.injector.DefaultSqlInjector   : class com.bigModel.backend.pojo.ActiveAccount ,Not found @TableId annotation, Cannot use Mybatis-Plus 'xxById' Method.
2024-03-19 10:16:21.934  INFO 12804 --- [main] o.s.s.web.DefaultSecurityFilterChain     : Will secure any request with [org.springframework.security.web.session.DisableEncodeUrlFilter@26f46fa6, org.springframework.security.web.context.request.async.WebAsyncManagerIntegrationFilter@227a47, org.springframework.security.web.context.SecurityContextPersistenceFilter@4b790d86, org.springframework.security.web.header.HeaderWriterFilter@1aabf50d, org.springframework.security.web.authentication.logout.LogoutFilter@5b9396d3, com.bigModel.backend.config.filter.JwtAuthenticationTokenFilter@39008c9f, org.springframework.security.web.savedrequest.RequestCacheAwareFilter@4339baec, org.springframework.security.web.servletapi.SecurityContextHolderAwareRequestFilter@5bc7e78e, org.springframework.security.web.authentication.AnonymousAuthenticationFilter@9596ce8, org.springframework.security.web.session.SessionManagementFilter@5d5c04f9, org.springframework.security.web.access.ExceptionTranslationFilter@5f038248, org.springframework.security.web.access.intercept.FilterSecurityInterceptor@7ff35a3f]
2024-03-19 10:16:22.171  INFO 12804 --- [main] o.a.coyote.http11.Http11NioProtocol      : Starting ProtocolHandler ["http-nio-0.0.0.0-8181"]
2024-03-19 10:16:22.180  INFO 12804 --- [main] o.s.b.w.embedded.tomcat.TomcatWebServer  : Tomcat started on port(s): 8181 (http) with context path ''
2024-03-19 10:16:22.189  INFO 12804 --- [main] com.bigModel.backend.BackendApplication  : Started BackendApplication in 2.347 seconds (JVM running for 3.251)
2024-03-19 10:16:22.190  INFO 12804 --- [scheduling-1] com.zaxxer.hikari.HikariDataSource       : HikariPool-1 - Starting...
2024-03-19 10:16:23.344  INFO 12804 --- [scheduling-1] com.zaxxer.hikari.HikariDataSource       : HikariPool-1 - Start completed.
2024-03-19 10:16:24.810 ERROR 12804 --- [scheduling-1] o.s.s.s.TaskUtils$LoggingErrorHandler    : Unexpected error occurred in scheduled task

twitter4j.JSONException: No value for data
	at twitter4j.JSONObject.get(JSONObject.java:437)
	at twitter4j.JSONObject.getString(JSONObject.java:641)
	at com.bigModel.backend.utils.ParseJSONUtil.parseJSON(ParseJSONUtil.java:45)
	at com.bigModel.backend.task.OrderTask.TwitterHello(OrderTask.java:64)
	at com.bigModel.backend.task.OrderTask$$FastClassBySpringCGLIB$$ff79905c.invoke(<generated>)
	at org.springframework.cglib.proxy.MethodProxy.invoke(MethodProxy.java:218)
	at org.springframework.aop.framework.CglibAopProxy$CglibMethodInvocation.invokeJoinpoint(CglibAopProxy.java:793)
	at org.springframework.aop.framework.ReflectiveMethodInvocation.proceed(ReflectiveMethodInvocation.java:163)
	at org.springframework.aop.framework.CglibAopProxy$CglibMethodInvocation.proceed(CglibAopProxy.java:763)
	at org.springframework.transaction.interceptor.TransactionInterceptor$1.proceedWithInvocation(TransactionInterceptor.java:123)
	at org.springframework.transaction.interceptor.TransactionAspectSupport.invokeWithinTransaction(TransactionAspectSupport.java:388)
	at org.springframework.transaction.interceptor.TransactionInterceptor.invoke(TransactionInterceptor.java:119)
	at org.springframework.aop.framework.ReflectiveMethodInvocation.proceed(ReflectiveMethodInvocation.java:186)
	at org.springframework.aop.framework.CglibAopProxy$CglibMethodInvocation.proceed(CglibAopProxy.java:763)
	at org.springframework.aop.framework.CglibAopProxy$DynamicAdvisedInterceptor.intercept(CglibAopProxy.java:708)
	at com.bigModel.backend.task.OrderTask$$EnhancerBySpringCGLIB$$3ab6a204.TwitterHello(<generated>)
	at sun.reflect.NativeMethodAccessorImpl.invoke0(Native Method)
	at sun.reflect.NativeMethodAccessorImpl.invoke(NativeMethodAccessorImpl.java:62)
	at sun.reflect.DelegatingMethodAccessorImpl.invoke(DelegatingMethodAccessorImpl.java:43)
	at java.lang.reflect.Method.invoke(Method.java:498)
	at org.springframework.scheduling.support.ScheduledMethodRunnable.run(ScheduledMethodRunnable.java:84)
	at org.springframework.scheduling.support.DelegatingErrorHandlingRunnable.run(DelegatingErrorHandlingRunnable.java:54)
	at java.util.concurrent.Executors$RunnableAdapter.call(Executors.java:511)
	at java.util.concurrent.FutureTask.runAndReset(FutureTask.java:308)
	at java.util.concurrent.ScheduledThreadPoolExecutor$ScheduledFutureTask.access$301(ScheduledThreadPoolExecutor.java:180)
	at java.util.concurrent.ScheduledThreadPoolExecutor$ScheduledFutureTask.run(ScheduledThreadPoolExecutor.java:294)
	at java.util.concurrent.ThreadPoolExecutor.runWorker(ThreadPoolExecutor.java:1149)
	at java.util.concurrent.ThreadPoolExecutor$Worker.run(ThreadPoolExecutor.java:624)
	at java.lang.Thread.run(Thread.java:748)

2024-03-19 10:16:34.033 ERROR 12804 --- [scheduling-1] o.s.s.s.TaskUtils$LoggingErrorHandler    : Unexpected error occurred in scheduled task

twitter4j.JSONException: No value for data
	at twitter4j.JSONObject.get(JSONObject.java:437)
	at twitter4j.JSONObject.getString(JSONObject.java:641)
	at com.bigModel.backend.utils.ParseJSONUtil.parseJSON(ParseJSONUtil.java:45)
	at com.bigModel.backend.task.OrderTask.TwitterHello(OrderTask.java:64)
	at com.bigModel.backend.task.OrderTask$$FastClassBySpringCGLIB$$ff79905c.invoke(<generated>)
	at org.springframework.cglib.proxy.MethodProxy.invoke(MethodProxy.java:218)
	at org.springframework.aop.framework.CglibAopProxy$CglibMethodInvocation.invokeJoinpoint(CglibAopProxy.java:793)
	at org.springframework.aop.framework.ReflectiveMethodInvocation.proceed(ReflectiveMethodInvocation.java:163)
	at org.springframework.aop.framework.CglibAopProxy$CglibMethodInvocation.proceed(CglibAopProxy.java:763)
	at org.springframework.transaction.interceptor.TransactionInterceptor$1.proceedWithInvocation(TransactionInterceptor.java:123)
	at org.springframework.transaction.interceptor.TransactionAspectSupport.invokeWithinTransaction(TransactionAspectSupport.java:388)
	at org.springframework.transaction.interceptor.TransactionInterceptor.invoke(TransactionInterceptor.java:119)
	at org.springframework.aop.framework.ReflectiveMethodInvocation.proceed(ReflectiveMethodInvocation.java:186)
	at org.springframework.aop.framework.CglibAopProxy$CglibMethodInvocation.proceed(CglibAopProxy.java:763)
	at org.springframework.aop.framework.CglibAopProxy$DynamicAdvisedInterceptor.intercept(CglibAopProxy.java:708)
	at com.bigModel.backend.task.OrderTask$$EnhancerBySpringCGLIB$$3ab6a204.TwitterHello(<generated>)
	at sun.reflect.NativeMethodAccessorImpl.invoke0(Native Method)
	at sun.reflect.NativeMethodAccessorImpl.invoke(NativeMethodAccessorImpl.java:62)
	at sun.reflect.DelegatingMethodAccessorImpl.invoke(DelegatingMethodAccessorImpl.java:43)
	at java.lang.reflect.Method.invoke(Method.java:498)
	at org.springframework.scheduling.support.ScheduledMethodRunnable.run(ScheduledMethodRunnable.java:84)
	at org.springframework.scheduling.support.DelegatingErrorHandlingRunnable.run(DelegatingErrorHandlingRunnable.java:54)
	at java.util.concurrent.Executors$RunnableAdapter.call(Executors.java:511)
	at java.util.concurrent.FutureTask.runAndReset(FutureTask.java:308)
	at java.util.concurrent.ScheduledThreadPoolExecutor$ScheduledFutureTask.access$301(ScheduledThreadPoolExecutor.java:180)
	at java.util.concurrent.ScheduledThreadPoolExecutor$ScheduledFutureTask.run(ScheduledThreadPoolExecutor.java:294)
	at java.util.concurrent.ThreadPoolExecutor.runWorker(ThreadPoolExecutor.java:1149)
	at java.util.concurrent.ThreadPoolExecutor$Worker.run(ThreadPoolExecutor.java:624)
	at java.lang.Thread.run(Thread.java:748)

2024-03-19 10:16:44.867  INFO 12804 --- [SpringApplicationShutdownHook] com.zaxxer.hikari.HikariDataSource       : HikariPool-1 - Shutdown initiated...
2024-03-19 10:16:44.872  INFO 12804 --- [SpringApplicationShutdownHook] com.zaxxer.hikari.HikariDataSource       : HikariPool-1 - Shutdown completed.
2024-03-19 10:44:54.854  INFO 19264 --- [main] com.bigModel.backend.BackendApplication  : Starting BackendApplication using Java 1.8.0_221 on Daniel with PID 19264 (C:\Users\Administrator\Desktop\bigmodel\backend\target\classes started by Administrator in C:\Users\Administrator\Desktop\bigmodel\backend)
2024-03-19 10:44:54.856  INFO 19264 --- [main] com.bigModel.backend.BackendApplication  : No active profile set, falling back to 1 default profile: "default"
2024-03-19 10:44:55.458  INFO 19264 --- [main] o.s.b.w.embedded.tomcat.TomcatWebServer  : Tomcat initialized with port(s): 8181 (http)
2024-03-19 10:44:55.462  INFO 19264 --- [main] o.a.coyote.http11.Http11NioProtocol      : Initializing ProtocolHandler ["http-nio-0.0.0.0-8181"]
2024-03-19 10:44:55.463  INFO 19264 --- [main] o.apache.catalina.core.StandardService   : Starting service [Tomcat]
2024-03-19 10:44:55.463  INFO 19264 --- [main] org.apache.catalina.core.StandardEngine  : Starting Servlet engine: [Apache Tomcat/9.0.71]
2024-03-19 10:44:55.542  INFO 19264 --- [main] o.a.c.c.C.[Tomcat].[localhost].[/]       : Initializing Spring embedded WebApplicationContext
2024-03-19 10:44:55.543  INFO 19264 --- [main] w.s.c.ServletWebServerApplicationContext : Root WebApplicationContext: initialization completed in 666 ms
2024-03-19 10:44:56.012  WARN 19264 --- [main] c.b.m.core.metadata.TableInfoHelper      : Can not find table primary key in Class: "com.bigModel.backend.pojo.ActiveAccount".
2024-03-19 10:44:56.012  WARN 19264 --- [main] c.b.m.core.injector.DefaultSqlInjector   : class com.bigModel.backend.pojo.ActiveAccount ,Not found @TableId annotation, Cannot use Mybatis-Plus 'xxById' Method.
2024-03-19 10:44:56.156  INFO 19264 --- [main] o.s.s.web.DefaultSecurityFilterChain     : Will secure any request with [org.springframework.security.web.session.DisableEncodeUrlFilter@6403e24c, org.springframework.security.web.context.request.async.WebAsyncManagerIntegrationFilter@2f236de0, org.springframework.security.web.context.SecurityContextPersistenceFilter@292158f8, org.springframework.security.web.header.HeaderWriterFilter@20cece0b, org.springframework.security.web.authentication.logout.LogoutFilter@78d6447a, com.bigModel.backend.config.filter.JwtAuthenticationTokenFilter@162b3d47, org.springframework.security.web.savedrequest.RequestCacheAwareFilter@58ff8d79, org.springframework.security.web.servletapi.SecurityContextHolderAwareRequestFilter@4339baec, org.springframework.security.web.authentication.AnonymousAuthenticationFilter@4eba373c, org.springframework.security.web.session.SessionManagementFilter@582a764a, org.springframework.security.web.access.ExceptionTranslationFilter@673919a7, org.springframework.security.web.access.intercept.FilterSecurityInterceptor@6069dd38]
2024-03-19 10:44:56.329  INFO 19264 --- [main] o.a.coyote.http11.Http11NioProtocol      : Starting ProtocolHandler ["http-nio-0.0.0.0-8181"]
2024-03-19 10:44:56.338  INFO 19264 --- [main] o.s.b.w.embedded.tomcat.TomcatWebServer  : Tomcat started on port(s): 8181 (http) with context path ''
2024-03-19 10:44:56.345  INFO 19264 --- [main] com.bigModel.backend.BackendApplication  : Started BackendApplication in 1.702 seconds (JVM running for 2.089)
2024-03-19 11:10:00.038  INFO 19264 --- [scheduling-1] com.zaxxer.hikari.HikariDataSource       : HikariPool-1 - Starting...
2024-03-19 11:10:01.299  INFO 19264 --- [scheduling-1] com.zaxxer.hikari.HikariDataSource       : HikariPool-1 - Start completed.
2024-03-19 11:10:23.616 ERROR 19264 --- [scheduling-1] o.s.s.s.TaskUtils$LoggingErrorHandler    : Unexpected error occurred in scheduled task

java.lang.NullPointerException: null
	at com.bigModel.backend.utils.YoutubeVideoUtil.getVideo(YoutubeVideoUtil.java:80)
	at com.bigModel.backend.task.YoutubeTask.VideoSummary(YoutubeTask.java:43)
	at sun.reflect.NativeMethodAccessorImpl.invoke0(Native Method)
	at sun.reflect.NativeMethodAccessorImpl.invoke(NativeMethodAccessorImpl.java:62)
	at sun.reflect.DelegatingMethodAccessorImpl.invoke(DelegatingMethodAccessorImpl.java:43)
	at java.lang.reflect.Method.invoke(Method.java:498)
	at org.springframework.scheduling.support.ScheduledMethodRunnable.run(ScheduledMethodRunnable.java:84)
	at org.springframework.scheduling.support.DelegatingErrorHandlingRunnable.run(DelegatingErrorHandlingRunnable.java:54)
	at org.springframework.scheduling.concurrent.ReschedulingRunnable.run(ReschedulingRunnable.java:95)
	at java.util.concurrent.Executors$RunnableAdapter.call(Executors.java:511)
	at java.util.concurrent.FutureTask.run(FutureTask.java:266)
	at java.util.concurrent.ScheduledThreadPoolExecutor$ScheduledFutureTask.access$201(ScheduledThreadPoolExecutor.java:180)
	at java.util.concurrent.ScheduledThreadPoolExecutor$ScheduledFutureTask.run(ScheduledThreadPoolExecutor.java:293)
	at java.util.concurrent.ThreadPoolExecutor.runWorker(ThreadPoolExecutor.java:1149)
	at java.util.concurrent.ThreadPoolExecutor$Worker.run(ThreadPoolExecutor.java:624)
	at java.lang.Thread.run(Thread.java:748)

2024-03-19 11:22:22.882  INFO 19264 --- [http-nio-0.0.0.0-8181-exec-1] o.a.c.c.C.[Tomcat].[localhost].[/]       : Initializing Spring DispatcherServlet 'dispatcherServlet'
2024-03-19 11:22:22.883  INFO 19264 --- [http-nio-0.0.0.0-8181-exec-1] o.s.web.servlet.DispatcherServlet        : Initializing Servlet 'dispatcherServlet'
2024-03-19 11:22:22.884  INFO 19264 --- [http-nio-0.0.0.0-8181-exec-1] o.s.web.servlet.DispatcherServlet        : Completed initialization in 1 ms
2024-03-19 11:22:28.034  WARN 19264 --- [http-nio-0.0.0.0-8181-exec-2] com.zaxxer.hikari.pool.PoolBase          : HikariPool-1 - Failed to validate connection com.mysql.cj.jdbc.ConnectionImpl@5523c19b (No operations allowed after connection closed.). Possibly consider using a shorter maxLifetime value.
2024-03-19 11:22:30.045  WARN 19264 --- [http-nio-0.0.0.0-8181-exec-3] com.zaxxer.hikari.pool.PoolBase          : HikariPool-1 - Failed to validate connection com.mysql.cj.jdbc.ConnectionImpl@1d765f5e (No operations allowed after connection closed.). Possibly consider using a shorter maxLifetime value.
2024-03-19 11:22:33.037  WARN 19264 --- [http-nio-0.0.0.0-8181-exec-2] com.zaxxer.hikari.pool.PoolBase          : HikariPool-1 - Failed to validate connection com.mysql.cj.jdbc.ConnectionImpl@12b81112 (No operations allowed after connection closed.). Possibly consider using a shorter maxLifetime value.
2024-03-19 11:22:35.048  WARN 19264 --- [http-nio-0.0.0.0-8181-exec-3] com.zaxxer.hikari.pool.PoolBase          : HikariPool-1 - Failed to validate connection com.mysql.cj.jdbc.ConnectionImpl@13b1b280 (No operations allowed after connection closed.). Possibly consider using a shorter maxLifetime value.
2024-03-19 11:22:38.043  WARN 19264 --- [http-nio-0.0.0.0-8181-exec-2] com.zaxxer.hikari.pool.PoolBase          : HikariPool-1 - Failed to validate connection com.mysql.cj.jdbc.ConnectionImpl@59dc35c7 (No operations allowed after connection closed.). Possibly consider using a shorter maxLifetime value.
2024-03-19 11:22:40.059  WARN 19264 --- [http-nio-0.0.0.0-8181-exec-3] com.zaxxer.hikari.pool.PoolBase          : HikariPool-1 - Failed to validate connection com.mysql.cj.jdbc.ConnectionImpl@178e342e (No operations allowed after connection closed.). Possibly consider using a shorter maxLifetime value.
2024-03-19 11:22:43.058  WARN 19264 --- [http-nio-0.0.0.0-8181-exec-2] com.zaxxer.hikari.pool.PoolBase          : HikariPool-1 - Failed to validate connection com.mysql.cj.jdbc.ConnectionImpl@64141211 (No operations allowed after connection closed.). Possibly consider using a shorter maxLifetime value.
2024-03-19 11:22:45.072  WARN 19264 --- [http-nio-0.0.0.0-8181-exec-3] com.zaxxer.hikari.pool.PoolBase          : HikariPool-1 - Failed to validate connection com.mysql.cj.jdbc.ConnectionImpl@528cb8bb (No operations allowed after connection closed.). Possibly consider using a shorter maxLifetime value.
2024-03-19 11:22:48.060  WARN 19264 --- [http-nio-0.0.0.0-8181-exec-2] com.zaxxer.hikari.pool.PoolBase          : HikariPool-1 - Failed to validate connection com.mysql.cj.jdbc.ConnectionImpl@2f830b27 (No operations allowed after connection closed.). Possibly consider using a shorter maxLifetime value.
2024-03-19 11:22:49.824  INFO 19264 --- [SpringApplicationShutdownHook] com.zaxxer.hikari.HikariDataSource       : HikariPool-1 - Shutdown initiated...
2024-03-19 11:22:49.830  WARN 19264 --- [http-nio-0.0.0.0-8181-exec-3] com.zaxxer.hikari.pool.PoolBase          : HikariPool-1 - Failed to validate connection com.mysql.cj.jdbc.ConnectionImpl@7d2f911b (No operations allowed after connection closed.). Possibly consider using a shorter maxLifetime value.
2024-03-19 11:22:49.830  INFO 19264 --- [SpringApplicationShutdownHook] com.zaxxer.hikari.HikariDataSource       : HikariPool-1 - Shutdown completed.
2024-03-19 11:22:55.435  INFO 2232 --- [main] com.bigModel.backend.BackendApplication  : Starting BackendApplication using Java 1.8.0_221 on Daniel with PID 2232 (C:\Users\Administrator\Desktop\bigmodel\backend\target\classes started by Administrator in C:\Users\Administrator\Desktop\bigmodel\backend)
2024-03-19 11:22:55.436  INFO 2232 --- [main] com.bigModel.backend.BackendApplication  : No active profile set, falling back to 1 default profile: "default"
2024-03-19 11:22:56.157  INFO 2232 --- [main] o.s.b.w.embedded.tomcat.TomcatWebServer  : Tomcat initialized with port(s): 8181 (http)
2024-03-19 11:22:56.245  INFO 2232 --- [main] w.s.c.ServletWebServerApplicationContext : Root WebApplicationContext: initialization completed in 788 ms
2024-03-19 11:22:56.643  WARN 2232 --- [main] c.b.m.core.metadata.TableInfoHelper      : Can not find table primary key in Class: "com.bigModel.backend.pojo.ActiveAccount".
2024-03-19 11:22:56.643  WARN 2232 --- [main] c.b.m.core.injector.DefaultSqlInjector   : class com.bigModel.backend.pojo.ActiveAccount ,Not found @TableId annotation, Cannot use Mybatis-Plus 'xxById' Method.
2024-03-19 11:22:56.857  INFO 2232 --- [main] o.s.s.web.DefaultSecurityFilterChain     : Will secure any request with [org.springframework.security.web.session.DisableEncodeUrlFilter@2f236de0, org.springframework.security.web.context.request.async.WebAsyncManagerIntegrationFilter@4eba373c, org.springframework.security.web.context.SecurityContextPersistenceFilter@53ec2968, org.springframework.security.web.header.HeaderWriterFilter@4c777e7b, org.springframework.security.web.authentication.logout.LogoutFilter@7a729f84, com.bigModel.backend.config.filter.JwtAuthenticationTokenFilter@783115d9, org.springframework.security.web.savedrequest.RequestCacheAwareFilter@7e19755a, org.springframework.security.web.servletapi.SecurityContextHolderAwareRequestFilter@62db3891, org.springframework.security.web.authentication.AnonymousAuthenticationFilter@767a014e, org.springframework.security.web.session.SessionManagementFilter@64984b0f, org.springframework.security.web.access.ExceptionTranslationFilter@25d93198, org.springframework.security.web.access.intercept.FilterSecurityInterceptor@5fa23c]
2024-03-19 11:22:57.030  INFO 2232 --- [main] o.s.b.w.embedded.tomcat.TomcatWebServer  : Tomcat started on port(s): 8181 (http) with context path ''
2024-03-19 11:22:57.038  INFO 2232 --- [main] com.bigModel.backend.BackendApplication  : Started BackendApplication in 1.82 seconds (JVM running for 2.215)
