2024-04-24 13:56:28.904  INFO 17232 --- [main] com.bigModel.backend.BackendApplication  : Starting BackendApplication using Java 1.8.0_342 on DESKTOP-TQQR41H with PID 17232 (D:\CQUPT\BigDataProject\WebSite\backend\target\classes started by lxgow in D:\CQUPT\BigDataProject\WebSite\backend)
2024-04-24 13:56:28.908  INFO 17232 --- [main] com.bigModel.backend.BackendApplication  : No active profile set, falling back to 1 default profile: "default"
2024-04-24 13:56:34.174  INFO 17232 --- [main] o.s.b.w.embedded.tomcat.TomcatWebServer  : Tomcat initialized with port(s): 8181 (http)
2024-04-24 13:56:34.181  INFO 17232 --- [main] o.a.coyote.http11.Http11NioProtocol      : Initializing ProtocolHandler ["http-nio-0.0.0.0-8181"]
2024-04-24 13:56:34.252  INFO 17232 --- [main] o.apache.catalina.core.StandardService   : Starting service [Tomcat]
2024-04-24 13:56:34.253  INFO 17232 --- [main] org.apache.catalina.core.StandardEngine  : Starting Servlet engine: [Apache Tomcat/9.0.71]
2024-04-24 13:56:34.949  INFO 17232 --- [main] o.a.c.c.C.[Tomcat].[localhost].[/]       : Initializing Spring embedded WebApplicationContext
2024-04-24 13:56:34.949  INFO 17232 --- [main] w.s.c.ServletWebServerApplicationContext : Root WebApplicationContext: initialization completed in 5966 ms
2024-04-24 13:56:36.206  WARN 17232 --- [main] c.b.m.core.metadata.TableInfoHelper      : Can not find table primary key in Class: "com.bigModel.backend.pojo.ActiveAccount".
2024-04-24 13:56:36.206  WARN 17232 --- [main] c.b.m.core.injector.DefaultSqlInjector   : class com.bigModel.backend.pojo.ActiveAccount ,Not found @TableId annotation, Cannot use Mybatis-Plus 'xxById' Method.
2024-04-24 13:56:36.458  INFO 17232 --- [main] o.s.s.web.DefaultSecurityFilterChain     : Will secure any request with [org.springframework.security.web.session.DisableEncodeUrlFilter@d109c4f, org.springframework.security.web.context.request.async.WebAsyncManagerIntegrationFilter@3968bc60, org.springframework.security.web.context.SecurityContextPersistenceFilter@5d5c04f9, org.springframework.security.web.header.HeaderWriterFilter@2e8a1ab4, org.springframework.security.web.authentication.logout.LogoutFilter@1f7076bc, com.bigModel.backend.config.filter.JwtAuthenticationTokenFilter@3402b4c9, org.springframework.security.web.savedrequest.RequestCacheAwareFilter@4b790d86, org.springframework.security.web.servletapi.SecurityContextHolderAwareRequestFilter@6944e53e, org.springframework.security.web.authentication.AnonymousAuthenticationFilter@26f46fa6, org.springframework.security.web.session.SessionManagementFilter@58ff8d79, org.springframework.security.web.access.ExceptionTranslationFilter@20cece0b, org.springframework.security.web.access.intercept.FilterSecurityInterceptor@6d1dcdff]
2024-04-24 13:56:36.734  INFO 17232 --- [main] o.a.coyote.http11.Http11NioProtocol      : Starting ProtocolHandler ["http-nio-0.0.0.0-8181"]
2024-04-24 13:56:36.751  INFO 17232 --- [main] o.s.b.w.embedded.tomcat.TomcatWebServer  : Tomcat started on port(s): 8181 (http) with context path ''
2024-04-24 13:56:36.762  INFO 17232 --- [main] com.bigModel.backend.BackendApplication  : Started BackendApplication in 8.529 seconds (JVM running for 14.03)
2024-04-24 14:00:00.018  INFO 17232 --- [scheduling-1] com.zaxxer.hikari.HikariDataSource       : HikariPool-1 - Starting...
2024-04-24 14:00:05.926  INFO 17232 --- [scheduling-1] com.zaxxer.hikari.HikariDataSource       : HikariPool-1 - Start completed.
2024-04-24 14:00:08.054  INFO 17232 --- [scheduling-1] com.bigModel.backend.task.OrderTask      : 查找用户 ：baojianella
2024-04-24 14:00:26.702 ERROR 17232 --- [scheduling-1] o.s.s.s.TaskUtils$LoggingErrorHandler    : Unexpected error occurred in scheduled task

java.lang.NullPointerException: null
	at com.bigModel.backend.utils.YoutubeVideoUtil.getVideo(YoutubeVideoUtil.java:80)
	at com.bigModel.backend.task.YoutubeTask.VideoSummary(YoutubeTask.java:44)
	at sun.reflect.NativeMethodAccessorImpl.invoke0(Native Method)
	at sun.reflect.NativeMethodAccessorImpl.invoke(NativeMethodAccessorImpl.java:62)
	at sun.reflect.DelegatingMethodAccessorImpl.invoke(DelegatingMethodAccessorImpl.java:43)
	at java.lang.reflect.Method.invoke(Method.java:498)
	at org.springframework.scheduling.support.ScheduledMethodRunnable.run(ScheduledMethodRunnable.java:84)
	at org.springframework.scheduling.support.DelegatingErrorHandlingRunnable.run(DelegatingErrorHandlingRunnable.java:54)
	at org.springframework.scheduling.concurrent.ReschedulingRunnable.run(ReschedulingRunnable.java:95)
	at java.util.concurrent.Executors$RunnableAdapter.call(Executors.java:511)
	at java.util.concurrent.FutureTask.run(FutureTask.java:266)
	at java.util.concurrent.ScheduledThreadPoolExecutor$ScheduledFutureTask.access$201(ScheduledThreadPoolExecutor.java:180)
	at java.util.concurrent.ScheduledThreadPoolExecutor$ScheduledFutureTask.run(ScheduledThreadPoolExecutor.java:293)
	at java.util.concurrent.ThreadPoolExecutor.runWorker(ThreadPoolExecutor.java:1149)
	at java.util.concurrent.ThreadPoolExecutor$Worker.run(ThreadPoolExecutor.java:624)
	at java.lang.Thread.run(Thread.java:750)

2024-04-24 14:01:08.053  INFO 17232 --- [http-nio-0.0.0.0-8181-exec-1] o.a.c.c.C.[Tomcat].[localhost].[/]       : Initializing Spring DispatcherServlet 'dispatcherServlet'
2024-04-24 14:01:08.053  INFO 17232 --- [http-nio-0.0.0.0-8181-exec-1] o.s.web.servlet.DispatcherServlet        : Initializing Servlet 'dispatcherServlet'
2024-04-24 14:01:08.056  INFO 17232 --- [http-nio-0.0.0.0-8181-exec-1] o.s.web.servlet.DispatcherServlet        : Completed initialization in 3 ms
2024-04-24 14:02:46.777  INFO 17232 --- [SpringApplicationShutdownHook] com.zaxxer.hikari.HikariDataSource       : HikariPool-1 - Shutdown initiated...
2024-04-24 14:02:46.788  INFO 17232 --- [SpringApplicationShutdownHook] com.zaxxer.hikari.HikariDataSource       : HikariPool-1 - Shutdown completed.
